[0m11:03:36.844446 [debug] [MainThread]: Sending event: {'category': 'dbt', 'action': 'invocation', 'label': 'start', 'context': [<snowplow_tracker.self_describing_json.SelfDescribingJson object at 0x0000024438496A50>, <snowplow_tracker.self_describing_json.SelfDescribingJson object at 0x0000024438395710>, <snowplow_tracker.self_describing_json.SelfDescribingJson object at 0x00000244384BB250>]}


============================== 11:03:36.856473 | 89355c75-4970-44a9-9cf1-25707db11d3c ==============================
[0m11:03:36.856473 [info ] [MainThread]: Running with dbt=1.9.2
[0m11:03:36.858451 [debug] [MainThread]: running dbt with arguments {'printer_width': '80', 'indirect_selection': 'eager', 'write_json': 'True', 'log_cache_events': 'False', 'partial_parse': 'True', 'cache_selected_only': 'False', 'profiles_dir': 'C:\\Users\\nayar\\.dbt', 'version_check': 'True', 'debug': 'False', 'log_path': 'logs', 'fail_fast': 'False', 'warn_error': 'None', 'use_colors': 'True', 'use_experimental_parser': 'False', 'empty': 'None', 'quiet': 'False', 'no_print': 'None', 'log_format': 'default', 'static_parser': 'True', 'warn_error_options': 'WarnErrorOptions(include=[], exclude=[])', 'introspect': 'True', 'target_path': 'None', 'invocation_command': 'dbt init desafio_cd', 'send_anonymous_usage_stats': 'True'}
[0m11:03:36.930452 [debug] [MainThread]: Starter project path: C:\Users\nayar\AppData\Local\Programs\Python\Python311\Lib\site-packages\dbt\include\starter_project
[0m11:03:37.074462 [info ] [MainThread]: 
Your new dbt project "desafio_cd" was created!

For more information on how to configure the profiles.yml file,
please consult the dbt documentation here:

  https://docs.getdbt.com/docs/configure-your-profile

One more thing:

Need help? Don't hesitate to reach out to us via GitHub issues or on Slack:

  https://community.getdbt.com/

Happy modeling!

[0m11:03:37.076457 [info ] [MainThread]: Setting up your profile.
[0m12:19:28.193571 [debug] [MainThread]: Sending event: {'category': 'dbt', 'action': 'invocation', 'label': 'start', 'context': [<snowplow_tracker.self_describing_json.SelfDescribingJson object at 0x0000029A58A009D0>, <snowplow_tracker.self_describing_json.SelfDescribingJson object at 0x0000029A58807790>, <snowplow_tracker.self_describing_json.SelfDescribingJson object at 0x0000029A588E21D0>]}


============================== 12:19:28.204572 | 36ee9398-5dee-46c4-9452-e5dd7183e3dd ==============================
[0m12:19:28.204572 [info ] [MainThread]: Running with dbt=1.9.2
[0m12:19:28.206575 [debug] [MainThread]: running dbt with arguments {'printer_width': '80', 'indirect_selection': 'eager', 'log_cache_events': 'False', 'write_json': 'True', 'partial_parse': 'True', 'cache_selected_only': 'False', 'warn_error': 'None', 'fail_fast': 'False', 'version_check': 'True', 'log_path': 'logs', 'debug': 'False', 'profiles_dir': 'C:\\Users\\nayar\\.dbt', 'use_colors': 'True', 'use_experimental_parser': 'False', 'empty': 'None', 'quiet': 'False', 'no_print': 'None', 'log_format': 'default', 'introspect': 'True', 'static_parser': 'True', 'warn_error_options': 'WarnErrorOptions(include=[], exclude=[])', 'target_path': 'None', 'invocation_command': 'dbt debug', 'send_anonymous_usage_stats': 'True'}
[0m12:19:28.270137 [info ] [MainThread]: dbt version: 1.9.2
[0m12:19:28.271137 [info ] [MainThread]: python version: 3.11.4
[0m12:19:28.273136 [info ] [MainThread]: python path: C:\Users\nayar\AppData\Local\Programs\Python\Python311\python.exe
[0m12:19:28.274144 [info ] [MainThread]: os info: Windows-10-10.0.19045-SP0
[0m12:19:28.482838 [info ] [MainThread]: Using profiles dir at C:\Users\nayar\.dbt
[0m12:19:28.483835 [info ] [MainThread]: Using profiles.yml file at C:\Users\nayar\.dbt\profiles.yml
[0m12:19:28.484834 [info ] [MainThread]: Using dbt_project.yml file at C:\Users\nayar\Documents\desafio_cd\dbt_project.yml
[0m12:19:28.487831 [info ] [MainThread]: adapter type: postgres
[0m12:19:28.489676 [info ] [MainThread]: adapter version: 1.9.0
[0m12:19:28.491679 [info ] [MainThread]: Configuration:
[0m12:19:28.492683 [info ] [MainThread]:   profiles.yml file [[32mOK found and valid[0m]
[0m12:19:28.494677 [info ] [MainThread]:   dbt_project.yml file [[31mERROR not found[0m]
[0m12:19:28.495681 [info ] [MainThread]: Required dependencies:
[0m12:19:28.497680 [debug] [MainThread]: Executing "git --help"
[0m12:19:28.592874 [debug] [MainThread]: STDOUT: "b"usage: git [-v | --version] [-h | --help] [-C <path>] [-c <name>=<value>]\n           [--exec-path[=<path>]] [--html-path] [--man-path] [--info-path]\n           [-p | --paginate | -P | --no-pager] [--no-replace-objects] [--no-lazy-fetch]\n           [--no-optional-locks] [--no-advice] [--bare] [--git-dir=<path>]\n           [--work-tree=<path>] [--namespace=<name>] [--config-env=<name>=<envvar>]\n           <command> [<args>]\n\nThese are common Git commands used in various situations:\n\nstart a working area (see also: git help tutorial)\n   clone      Clone a repository into a new directory\n   init       Create an empty Git repository or reinitialize an existing one\n\nwork on the current change (see also: git help everyday)\n   add        Add file contents to the index\n   mv         Move or rename a file, a directory, or a symlink\n   restore    Restore working tree files\n   rm         Remove files from the working tree and from the index\n\nexamine the history and state (see also: git help revisions)\n   bisect     Use binary search to find the commit that introduced a bug\n   diff       Show changes between commits, commit and working tree, etc\n   grep       Print lines matching a pattern\n   log        Show commit logs\n   show       Show various types of objects\n   status     Show the working tree status\n\ngrow, mark and tweak your common history\n   backfill   Download missing objects in a partial clone\n   branch     List, create, or delete branches\n   commit     Record changes to the repository\n   merge      Join two or more development histories together\n   rebase     Reapply commits on top of another base tip\n   reset      Reset current HEAD to the specified state\n   switch     Switch branches\n   tag        Create, list, delete or verify a tag object signed with GPG\n\ncollaborate (see also: git help workflows)\n   fetch      Download objects and refs from another repository\n   pull       Fetch from and integrate with another repository or a local branch\n   push       Update remote refs along with associated objects\n\n'git help -a' and 'git help -g' list available subcommands and some\nconcept guides. See 'git help <command>' or 'git help <concept>'\nto read about a specific subcommand or concept.\nSee 'git help git' for an overview of the system.\n""
[0m12:19:28.593839 [debug] [MainThread]: STDERR: "b''"
[0m12:19:28.595835 [info ] [MainThread]:  - git [[32mOK found[0m]

[0m12:19:28.597840 [info ] [MainThread]: Connection:
[0m12:19:28.598836 [info ] [MainThread]:   host: localhost
[0m12:19:28.600835 [info ] [MainThread]:   port: 5432
[0m12:19:28.601840 [info ] [MainThread]:   user: postgres
[0m12:19:28.603837 [info ] [MainThread]:   database: desafio_cd
[0m12:19:28.606879 [info ] [MainThread]:   schema: staging
[0m12:19:28.609850 [info ] [MainThread]:   connect_timeout: 10
[0m12:19:28.610834 [info ] [MainThread]:   role: None
[0m12:19:28.612837 [info ] [MainThread]:   search_path: None
[0m12:19:28.616853 [info ] [MainThread]:   keepalives_idle: 0
[0m12:19:28.617835 [info ] [MainThread]:   sslmode: None
[0m12:19:28.619836 [info ] [MainThread]:   sslcert: None
[0m12:19:28.620835 [info ] [MainThread]:   sslkey: None
[0m12:19:28.624839 [info ] [MainThread]:   sslrootcert: None
[0m12:19:28.625837 [info ] [MainThread]:   application_name: dbt
[0m12:19:28.627835 [info ] [MainThread]:   retries: 1
[0m12:19:28.629840 [info ] [MainThread]: Registered adapter: postgres=1.9.0
[0m12:19:29.278972 [debug] [MainThread]: Acquiring new postgres connection 'debug'
[0m12:19:33.310738 [debug] [MainThread]: Using postgres connection "debug"
[0m12:19:33.310738 [debug] [MainThread]: On debug: select 1 as id
[0m12:19:33.311742 [debug] [MainThread]: Opening a new connection, currently in state init
[0m12:19:33.423656 [debug] [MainThread]: SQL status: SELECT 1 in 0.112 seconds
[0m12:19:33.426653 [debug] [MainThread]: On debug: Close
[0m12:19:33.427650 [info ] [MainThread]:   Connection test: [[32mOK connection ok[0m]

[0m12:19:33.430657 [info ] [MainThread]: [31m1 check failed:[0m
[0m12:19:33.433659 [info ] [MainThread]: Project loading failed for the following reason:
 project path <C:\Users\nayar\Documents\desafio_cd\dbt_project.yml> not found

[0m12:19:33.436654 [debug] [MainThread]: Command `dbt debug` failed at 12:19:33.436654 after 5.36 seconds
[0m12:19:33.437651 [debug] [MainThread]: Connection 'debug' was properly closed.
[0m12:19:33.439651 [debug] [MainThread]: Sending event: {'category': 'dbt', 'action': 'invocation', 'label': 'end', 'context': [<snowplow_tracker.self_describing_json.SelfDescribingJson object at 0x0000029A58807DD0>, <snowplow_tracker.self_describing_json.SelfDescribingJson object at 0x0000029A58A40A50>, <snowplow_tracker.self_describing_json.SelfDescribingJson object at 0x0000029A58A43910>]}
[0m12:19:33.441664 [debug] [MainThread]: Flushing usage events
[0m12:19:34.205416 [debug] [MainThread]: An error was encountered while trying to flush usage events
[0m17:36:21.863122 [debug] [MainThread]: Sending event: {'category': 'dbt', 'action': 'invocation', 'label': 'start', 'context': [<snowplow_tracker.self_describing_json.SelfDescribingJson object at 0x0000020F25C98F50>, <snowplow_tracker.self_describing_json.SelfDescribingJson object at 0x0000020F25CF3190>, <snowplow_tracker.self_describing_json.SelfDescribingJson object at 0x0000020F25C9ADD0>]}


============================== 17:36:21.875918 | a657e0aa-ed11-46c1-af6c-eb451a22b93c ==============================
[0m17:36:21.875918 [info ] [MainThread]: Running with dbt=1.9.2
[0m17:36:21.877900 [debug] [MainThread]: running dbt with arguments {'printer_width': '80', 'indirect_selection': 'eager', 'write_json': 'True', 'log_cache_events': 'False', 'partial_parse': 'True', 'cache_selected_only': 'False', 'warn_error': 'None', 'version_check': 'True', 'fail_fast': 'False', 'log_path': 'logs', 'debug': 'False', 'profiles_dir': 'C:\\Users\\nayar\\.dbt', 'use_colors': 'True', 'use_experimental_parser': 'False', 'empty': 'False', 'quiet': 'False', 'no_print': 'None', 'warn_error_options': 'WarnErrorOptions(include=[], exclude=[])', 'introspect': 'True', 'log_format': 'default', 'invocation_command': 'dbt run', 'target_path': 'None', 'static_parser': 'True', 'send_anonymous_usage_stats': 'True'}
[0m17:36:21.879901 [error] [MainThread]: Encountered an error:
Runtime Error
  No dbt_project.yml found at expected path C:\Users\nayar\Documents\desafio_cd\dbt_project.yml
  Verify that each entry within packages.yml (and their transitive dependencies) contains a file named dbt_project.yml
  
[0m17:36:21.880903 [debug] [MainThread]: Command `dbt run` failed at 17:36:21.880903 after 0.16 seconds
[0m17:36:21.881900 [debug] [MainThread]: Sending event: {'category': 'dbt', 'action': 'invocation', 'label': 'end', 'context': [<snowplow_tracker.self_describing_json.SelfDescribingJson object at 0x0000020F1F6FB110>, <snowplow_tracker.self_describing_json.SelfDescribingJson object at 0x0000020F25CF1AD0>, <snowplow_tracker.self_describing_json.SelfDescribingJson object at 0x0000020F1F9A0550>]}
[0m17:36:21.882900 [debug] [MainThread]: Flushing usage events
[0m17:36:22.598178 [debug] [MainThread]: An error was encountered while trying to flush usage events
